c:\users\asus.1\documents\visual studio 2013\projects\scvropc\scvropc\release\scvropc.pch
c:\users\asus.1\documents\visual studio 2013\projects\scvropc\scvropc\release\vc120.pdb
c:\users\asus.1\documents\visual studio 2013\projects\scvropc\scvropc\release\stdafx.obj
c:\users\asus.1\documents\visual studio 2013\projects\scvropc\scvropc\release\opc_i.obj
c:\users\asus.1\documents\visual studio 2013\projects\scvropc\scvropc\release\myform.obj
c:\users\asus.1\documents\visual studio 2013\projects\scvropc\scvropc\release\scvropc.obj
c:\users\asus.1\documents\visual studio 2013\projects\scvropc\release\scvropc.exe
c:\users\asus.1\documents\visual studio 2013\projects\scvropc\release\scvropc.pdb
c:\users\asus.1\documents\visual studio 2013\projects\scvropc\scvropc\opc_p.c
c:\users\asus.1\documents\visual studio 2013\projects\scvropc\scvropc\opc_i.c
c:\users\asus.1\documents\visual studio 2013\projects\scvropc\scvropc\opc_h.h
c:\users\asus.1\documents\visual studio 2013\projects\scvropc\scvropc\release\scvropc.res
c:\users\asus.1\documents\visual studio 2013\projects\scvropc\scvropc\release\scvropc.myform.resources
c:\users\asus.1\documents\visual studio 2013\projects\scvropc\scvropc\release\scvropc.vcxproj.generateresource.cache
c:\users\asus.1\documents\visual studio 2013\projects\scvropc\scvropc\release\scvropc.vcxprojresolveassemblyreference.cache
c:\users\asus.1\documents\visual studio 2013\projects\scvropc\scvropc\release\scvropc.tlog\cl.command.1.tlog
c:\users\asus.1\documents\visual studio 2013\projects\scvropc\scvropc\release\scvropc.tlog\cl.read.1.tlog
c:\users\asus.1\documents\visual studio 2013\projects\scvropc\scvropc\release\scvropc.tlog\cl.write.1.tlog
c:\users\asus.1\documents\visual studio 2013\projects\scvropc\scvropc\release\scvropc.tlog\link.command.1.tlog
c:\users\asus.1\documents\visual studio 2013\projects\scvropc\scvropc\release\scvropc.tlog\link.read.1.tlog
c:\users\asus.1\documents\visual studio 2013\projects\scvropc\scvropc\release\scvropc.tlog\link.write.1.tlog
c:\users\asus.1\documents\visual studio 2013\projects\scvropc\scvropc\release\scvropc.tlog\midl.command.1.tlog
c:\users\asus.1\documents\visual studio 2013\projects\scvropc\scvropc\release\scvropc.tlog\midl.read.1.tlog
c:\users\asus.1\documents\visual studio 2013\projects\scvropc\scvropc\release\scvropc.tlog\midl.write.1.tlog
c:\users\asus.1\documents\visual studio 2013\projects\scvropc\scvropc\release\scvropc.tlog\rc.command.1.tlog
c:\users\asus.1\documents\visual studio 2013\projects\scvropc\scvropc\release\scvropc.tlog\rc.read.1.tlog
c:\users\asus.1\documents\visual studio 2013\projects\scvropc\scvropc\release\scvropc.tlog\rc.write.1.tlog
c:\users\asus.1\documents\visual studio 2013\projects\scvropc\scvropc\release\scvropc.tlog\scvropc.write.1u.tlog
