c:\users\asus.1\documents\visual studio 2013\projects\scvropc\scvropc\debug\scvropc.pch
c:\users\asus.1\documents\visual studio 2013\projects\scvropc\scvropc\debug\vc120.pdb
c:\users\asus.1\documents\visual studio 2013\projects\scvropc\scvropc\debug\vc120.idb
c:\users\asus.1\documents\visual studio 2013\projects\scvropc\scvropc\debug\stdafx.obj
c:\users\asus.1\documents\visual studio 2013\projects\scvropc\scvropc\debug\opc_i.obj
c:\users\asus.1\documents\visual studio 2013\projects\scvropc\scvropc\debug\scvropc.obj
c:\users\asus.1\documents\visual studio 2013\projects\scvropc\scvropc\debug\myform.obj
c:\users\asus.1\documents\visual studio 2013\projects\scvropc\debug\scvropc.exe
c:\users\asus.1\documents\visual studio 2013\projects\scvropc\debug\scvropc.pdb
c:\users\asus.1\documents\visual studio 2013\projects\scvropc\scvropc\opc_p.c
c:\users\asus.1\documents\visual studio 2013\projects\scvropc\scvropc\opc_i.c
c:\users\asus.1\documents\visual studio 2013\projects\scvropc\scvropc\opc_h.h
c:\users\asus.1\documents\visual studio 2013\projects\scvropc\scvropc\debug\scvropc.res
c:\users\asus.1\documents\visual studio 2013\projects\scvropc\scvropc\debug\scvropc.myform.resources
c:\users\asus.1\documents\visual studio 2013\projects\scvropc\scvropc\debug\scvropc.vcxproj.generateresource.cache
c:\users\asus.1\documents\visual studio 2013\projects\scvropc\scvropc\debug\scvropc.vcxprojresolveassemblyreference.cache
c:\users\asus.1\documents\visual studio 2013\projects\scvropc\scvropc\debug\scvropc.tlog\cl.command.1.tlog
c:\users\asus.1\documents\visual studio 2013\projects\scvropc\scvropc\debug\scvropc.tlog\cl.read.1.tlog
c:\users\asus.1\documents\visual studio 2013\projects\scvropc\scvropc\debug\scvropc.tlog\cl.write.1.tlog
c:\users\asus.1\documents\visual studio 2013\projects\scvropc\scvropc\debug\scvropc.tlog\link.command.1.tlog
c:\users\asus.1\documents\visual studio 2013\projects\scvropc\scvropc\debug\scvropc.tlog\link.read.1.tlog
c:\users\asus.1\documents\visual studio 2013\projects\scvropc\scvropc\debug\scvropc.tlog\link.write.1.tlog
c:\users\asus.1\documents\visual studio 2013\projects\scvropc\scvropc\debug\scvropc.tlog\midl.command.1.tlog
c:\users\asus.1\documents\visual studio 2013\projects\scvropc\scvropc\debug\scvropc.tlog\midl.read.1.tlog
c:\users\asus.1\documents\visual studio 2013\projects\scvropc\scvropc\debug\scvropc.tlog\midl.write.1.tlog
c:\users\asus.1\documents\visual studio 2013\projects\scvropc\scvropc\debug\scvropc.tlog\rc.command.1.tlog
c:\users\asus.1\documents\visual studio 2013\projects\scvropc\scvropc\debug\scvropc.tlog\rc.read.1.tlog
c:\users\asus.1\documents\visual studio 2013\projects\scvropc\scvropc\debug\scvropc.tlog\rc.write.1.tlog
c:\users\asus.1\documents\visual studio 2013\projects\scvropc\scvropc\debug\scvropc.tlog\scvropc.write.1u.tlog
